<?xml version="1.0" encoding="UTF-8"?>
<!-- Generated by org.testng.reporters.JUnitXMLReporter -->
<testsuite hostname="DESKTOP-B75F35K" ignored="4" name="Default test" tests="23" failures="1" timestamp="31 Dec 2018 08:15:22 GMT" time="461.011" errors="0">
  <testcase name="ValidateLogin" time="42.961" classname="smokeTest.ValidateSmokeTest"/>
  <testcase name="ValidateMarkITPlacePage" time="3.692" classname="smokeTest.ValidateSmokeTest"/>
  <testcase name="ValidateManageTab" time="10.096" classname="smokeTest.ValidateSmokeTest"/>
  <testcase name="ValidateInsightTab" time="3.925" classname="smokeTest.ValidateSmokeTest"/>
  <testcase name="ValidateNotificationPage" time="19.122" classname="smokeTest.ValidateSmokeTest"/>
  <testcase name="ValidateLogo" time="3.181" classname="smokeTest.ValidateSmokeTest"/>
  <testcase name="ValidateMyProfile" time="18.392" classname="smokeTest.ValidateSmokeTest"/>
  <testcase name="ValidateEditProfile" time="20.049" classname="smokeTest.ValidateSmokeTest"/>
  <testcase name="ValidateChangePassword" time="27.134" classname="smokeTest.ValidateSmokeTest"/>
  <testcase name="ValidateCatalogRestriction" time="14.97" classname="smokeTest.ValidateSmokeTest"/>
  <testcase name="ValidateDomainLink" time="19.881" classname="smokeTest.ValidateSmokeTest"/>
  <testcase name="ValidateAddressPage" time="27.583" classname="smokeTest.ValidateSmokeTest"/>
  <testcase name="ValidateUsersPage" time="29.125" classname="smokeTest.ValidateSmokeTest"/>
  <testcase name="ValidateRequestTab" time="2.284" classname="smokeTest.ValidateSmokeTest"/>
  <testcase name="ValidateInviteTab" time="2.235" classname="smokeTest.ValidateSmokeTest"/>
  <testcase name="ValidateLogout" time="5.142" classname="smokeTest.ValidateSmokeTest"/>
  <testcase name="ValidateForgetPswd" time="10.159" classname="smokeTest.ValidateSmokeTest"/>
  <testcase name="ValidateRegPage" time="13.896" classname="smokeTest.ValidateSmokeTest"/>
  <testcase name="ValidateManagementLogin" time="41.183" classname="smokeTest.ValidateSmokeTest"/>
  <testcase name="ValidateMngmntUsersTab" time="23.767" classname="smokeTest.ValidateSmokeTest"/>
  <testcase name="ValidateMngmntRolesTab" time="21.51" classname="smokeTest.ValidateSmokeTest"/>
  <testcase name="ValidateMngmntAddRolesBtn" time="20.095" classname="smokeTest.ValidateSmokeTest">
    <failure type="java.lang.AssertionError" message="User not able to click on the Add new Roles button on the Role&amp;apos;s page expected [true] but found [false]">
      <![CDATA[java.lang.AssertionError: User not able to click on the Add new Roles button on the Role's page expected [true] but found [false]at org.testng.Assert.fail(Assert.java:96)at org.testng.Assert.failNotEquals(Assert.java:776)at org.testng.Assert.assertEqualsImpl(Assert.java:137)at org.testng.Assert.assertEquals(Assert.java:118)at org.testng.Assert.assertEquals(Assert.java:568)at smokeTest.ValidateSmokeTest.ValidateMngmntAddRolesBtn(ValidateSmokeTest.java:1453)at sun.reflect.NativeMethodAccessorImpl.invoke0(Native Method)at sun.reflect.NativeMethodAccessorImpl.invoke(Unknown Source)at sun.reflect.DelegatingMethodAccessorImpl.invoke(Unknown Source)at java.lang.reflect.Method.invoke(Unknown Source)at org.testng.internal.MethodInvocationHelper.invokeMethod(MethodInvocationHelper.java:124)at org.testng.internal.Invoker.invokeMethod(Invoker.java:571)at org.testng.internal.Invoker.invokeTestMethod(Invoker.java:707)at org.testng.internal.Invoker.invokeTestMethods(Invoker.java:979)at org.testng.internal.TestMethodWorker.invokeTestMethods(TestMethodWorker.java:125)at org.testng.internal.TestMethodWorker.run(TestMethodWorker.java:109)at org.testng.TestRunner.privateRun(TestRunner.java:648)at org.testng.TestRunner.run(TestRunner.java:505)at org.testng.SuiteRunner.runTest(SuiteRunner.java:455)at org.testng.SuiteRunner.runSequentially(SuiteRunner.java:450)at org.testng.SuiteRunner.privateRun(SuiteRunner.java:415)at org.testng.SuiteRunner.run(SuiteRunner.java:364)at org.testng.SuiteRunnerWorker.runSuite(SuiteRunnerWorker.java:52)at org.testng.SuiteRunnerWorker.run(SuiteRunnerWorker.java:84)at org.testng.TestNG.runSuitesSequentially(TestNG.java:1187)at org.testng.TestNG.runSuitesLocally(TestNG.java:1116)at org.testng.TestNG.runSuites(TestNG.java:1028)at org.testng.TestNG.run(TestNG.java:996)at org.testng.remote.AbstractRemoteTestNG.run(AbstractRemoteTestNG.java:114)at org.testng.remote.RemoteTestNG.initAndRun(RemoteTestNG.java:251)at org.testng.remote.RemoteTestNG.main(RemoteTestNG.java:77)]]>
    </failure>
  </testcase> <!-- ValidateMngmntAddRolesBtn -->
  <testcase name="ValidateMngmntEditRolesBtn" time="80.488" classname="smokeTest.ValidateSmokeTest"/>
  <testcase name="ValidateAccountSettings" time="0.0" classname="smokeTest.ValidateSmokeTest">
    <ignored/>
  </testcase> <!-- ValidateAccountSettings -->
  <testcase name="ValidateSetNotifications" time="0.0" classname="smokeTest.ValidateSmokeTest">
    <ignored/>
  </testcase> <!-- ValidateSetNotifications -->
  <testcase name="ValidateLoginUser" time="0.0" classname="smokeTest.ValidateSmokeTest">
    <ignored/>
  </testcase> <!-- ValidateLoginUser -->
  <testcase name="ValidateMyAccountList" time="0.0" classname="smokeTest.ValidateSmokeTest">
    <ignored/>
  </testcase> <!-- ValidateMyAccountList -->
</testsuite> <!-- Default test -->
