<?xml version="1.0" encoding="UTF-8"?>
<testng-results skipped="0" failed="1" ignored="4" total="27" passed="22">
  <reporter-output>
  </reporter-output>
  <suite name="Default suite" duration-ms="461011" started-at="2018-12-31T08:07:40Z" finished-at="2018-12-31T08:15:21Z">
    <groups>
    </groups>
    <test name="Default test" duration-ms="461011" started-at="2018-12-31T08:07:40Z" finished-at="2018-12-31T08:15:21Z">
      <class name="smokeTest.ValidateSmokeTest">
        <test-method status="PASS" signature="ValidateLogin()[pri:0, instance:smokeTest.ValidateSmokeTest@4b5a5ed1]" name="ValidateLogin" duration-ms="42961" started-at="2018-12-31T13:07:40Z" finished-at="2018-12-31T13:08:23Z">
          <reporter-output>
          </reporter-output>
        </test-method> <!-- ValidateLogin -->
        <test-method status="PASS" signature="ValidateMarkITPlacePage()[pri:1, instance:smokeTest.ValidateSmokeTest@4b5a5ed1]" name="ValidateMarkITPlacePage" duration-ms="3692" started-at="2018-12-31T13:08:23Z" depends-on-methods="smokeTest.ValidateSmokeTest.ValidateLogin" finished-at="2018-12-31T13:08:27Z">
          <reporter-output>
          </reporter-output>
        </test-method> <!-- ValidateMarkITPlacePage -->
        <test-method status="PASS" signature="ValidateManageTab()[pri:2, instance:smokeTest.ValidateSmokeTest@4b5a5ed1]" name="ValidateManageTab" duration-ms="10096" started-at="2018-12-31T13:08:27Z" depends-on-methods="smokeTest.ValidateSmokeTest.ValidateLogin" finished-at="2018-12-31T13:08:37Z">
          <reporter-output>
          </reporter-output>
        </test-method> <!-- ValidateManageTab -->
        <test-method status="PASS" signature="ValidateInsightTab()[pri:3, instance:smokeTest.ValidateSmokeTest@4b5a5ed1]" name="ValidateInsightTab" duration-ms="3925" started-at="2018-12-31T13:08:37Z" depends-on-methods="smokeTest.ValidateSmokeTest.ValidateLogin" finished-at="2018-12-31T13:08:41Z">
          <reporter-output>
          </reporter-output>
        </test-method> <!-- ValidateInsightTab -->
        <test-method status="PASS" signature="ValidateNotificationPage()[pri:4, instance:smokeTest.ValidateSmokeTest@4b5a5ed1]" name="ValidateNotificationPage" duration-ms="19122" started-at="2018-12-31T13:08:41Z" depends-on-methods="smokeTest.ValidateSmokeTest.ValidateLogin" finished-at="2018-12-31T13:09:00Z">
          <reporter-output>
          </reporter-output>
        </test-method> <!-- ValidateNotificationPage -->
        <test-method status="PASS" signature="ValidateLogo()[pri:5, instance:smokeTest.ValidateSmokeTest@4b5a5ed1]" name="ValidateLogo" duration-ms="3181" started-at="2018-12-31T13:09:00Z" depends-on-methods="smokeTest.ValidateSmokeTest.ValidateLogin" finished-at="2018-12-31T13:09:04Z">
          <reporter-output>
          </reporter-output>
        </test-method> <!-- ValidateLogo -->
        <test-method status="PASS" signature="ValidateMyProfile()[pri:6, instance:smokeTest.ValidateSmokeTest@4b5a5ed1]" name="ValidateMyProfile" duration-ms="18392" started-at="2018-12-31T13:09:04Z" depends-on-methods="smokeTest.ValidateSmokeTest.ValidateLogin" finished-at="2018-12-31T13:09:22Z">
          <reporter-output>
          </reporter-output>
        </test-method> <!-- ValidateMyProfile -->
        <test-method status="PASS" signature="ValidateEditProfile()[pri:7, instance:smokeTest.ValidateSmokeTest@4b5a5ed1]" name="ValidateEditProfile" duration-ms="20049" started-at="2018-12-31T13:09:22Z" depends-on-methods="smokeTest.ValidateSmokeTest.ValidateLogin" finished-at="2018-12-31T13:09:42Z">
          <reporter-output>
          </reporter-output>
        </test-method> <!-- ValidateEditProfile -->
        <test-method status="PASS" signature="ValidateChangePassword()[pri:8, instance:smokeTest.ValidateSmokeTest@4b5a5ed1]" name="ValidateChangePassword" duration-ms="27134" started-at="2018-12-31T13:09:42Z" depends-on-methods="smokeTest.ValidateSmokeTest.ValidateLogin" finished-at="2018-12-31T13:10:09Z">
          <reporter-output>
          </reporter-output>
        </test-method> <!-- ValidateChangePassword -->
        <test-method status="PASS" signature="ValidateCatalogRestriction()[pri:10, instance:smokeTest.ValidateSmokeTest@4b5a5ed1]" name="ValidateCatalogRestriction" duration-ms="14970" started-at="2018-12-31T13:10:09Z" depends-on-methods="smokeTest.ValidateSmokeTest.ValidateLogin" finished-at="2018-12-31T13:10:24Z">
          <reporter-output>
          </reporter-output>
        </test-method> <!-- ValidateCatalogRestriction -->
        <test-method status="PASS" signature="ValidateDomainLink()[pri:11, instance:smokeTest.ValidateSmokeTest@4b5a5ed1]" name="ValidateDomainLink" duration-ms="19881" started-at="2018-12-31T13:10:24Z" depends-on-methods="smokeTest.ValidateSmokeTest.ValidateLogin" finished-at="2018-12-31T13:10:44Z">
          <reporter-output>
          </reporter-output>
        </test-method> <!-- ValidateDomainLink -->
        <test-method status="PASS" signature="ValidateAddressPage()[pri:13, instance:smokeTest.ValidateSmokeTest@4b5a5ed1]" name="ValidateAddressPage" duration-ms="27583" started-at="2018-12-31T13:10:44Z" depends-on-methods="smokeTest.ValidateSmokeTest.ValidateLogin" finished-at="2018-12-31T13:11:12Z">
          <reporter-output>
          </reporter-output>
        </test-method> <!-- ValidateAddressPage -->
        <test-method status="PASS" signature="ValidateUsersPage()[pri:14, instance:smokeTest.ValidateSmokeTest@4b5a5ed1]" name="ValidateUsersPage" duration-ms="29125" started-at="2018-12-31T13:11:12Z" depends-on-methods="smokeTest.ValidateSmokeTest.ValidateLogin" finished-at="2018-12-31T13:11:41Z">
          <reporter-output>
          </reporter-output>
        </test-method> <!-- ValidateUsersPage -->
        <test-method status="PASS" signature="ValidateRequestTab()[pri:15, instance:smokeTest.ValidateSmokeTest@4b5a5ed1]" name="ValidateRequestTab" duration-ms="2284" started-at="2018-12-31T13:11:41Z" depends-on-methods="smokeTest.ValidateSmokeTest.ValidateLogin" finished-at="2018-12-31T13:11:43Z">
          <reporter-output>
          </reporter-output>
        </test-method> <!-- ValidateRequestTab -->
        <test-method status="PASS" signature="ValidateInviteTab()[pri:16, instance:smokeTest.ValidateSmokeTest@4b5a5ed1]" name="ValidateInviteTab" duration-ms="2235" started-at="2018-12-31T13:11:43Z" depends-on-methods="smokeTest.ValidateSmokeTest.ValidateLogin" finished-at="2018-12-31T13:11:45Z">
          <reporter-output>
          </reporter-output>
        </test-method> <!-- ValidateInviteTab -->
        <test-method status="PASS" signature="ValidateLogout()[pri:17, instance:smokeTest.ValidateSmokeTest@4b5a5ed1]" name="ValidateLogout" duration-ms="5142" started-at="2018-12-31T13:11:45Z" depends-on-methods="smokeTest.ValidateSmokeTest.ValidateLogin" finished-at="2018-12-31T13:11:50Z">
          <reporter-output>
          </reporter-output>
        </test-method> <!-- ValidateLogout -->
        <test-method status="PASS" signature="ValidateForgetPswd()[pri:18, instance:smokeTest.ValidateSmokeTest@4b5a5ed1]" name="ValidateForgetPswd" duration-ms="10159" started-at="2018-12-31T13:11:50Z" depends-on-methods="smokeTest.ValidateSmokeTest.ValidateLogin" finished-at="2018-12-31T13:12:01Z">
          <reporter-output>
          </reporter-output>
        </test-method> <!-- ValidateForgetPswd -->
        <test-method status="PASS" signature="ValidateRegPage()[pri:19, instance:smokeTest.ValidateSmokeTest@4b5a5ed1]" name="ValidateRegPage" duration-ms="13896" started-at="2018-12-31T13:12:01Z" depends-on-methods="smokeTest.ValidateSmokeTest.ValidateLogin" finished-at="2018-12-31T13:12:14Z">
          <reporter-output>
          </reporter-output>
        </test-method> <!-- ValidateRegPage -->
        <test-method status="PASS" signature="ValidateManagementLogin()[pri:22, instance:smokeTest.ValidateSmokeTest@4b5a5ed1]" name="ValidateManagementLogin" duration-ms="41183" started-at="2018-12-31T13:12:14Z" finished-at="2018-12-31T13:12:56Z">
          <reporter-output>
          </reporter-output>
        </test-method> <!-- ValidateManagementLogin -->
        <test-method status="PASS" signature="ValidateMngmntUsersTab()[pri:23, instance:smokeTest.ValidateSmokeTest@4b5a5ed1]" name="ValidateMngmntUsersTab" duration-ms="23767" started-at="2018-12-31T13:12:56Z" finished-at="2018-12-31T13:13:19Z">
          <reporter-output>
          </reporter-output>
        </test-method> <!-- ValidateMngmntUsersTab -->
        <test-method status="PASS" signature="ValidateMngmntRolesTab()[pri:24, instance:smokeTest.ValidateSmokeTest@4b5a5ed1]" name="ValidateMngmntRolesTab" duration-ms="21510" started-at="2018-12-31T13:13:19Z" finished-at="2018-12-31T13:13:41Z">
          <reporter-output>
          </reporter-output>
        </test-method> <!-- ValidateMngmntRolesTab -->
        <test-method status="FAIL" signature="ValidateMngmntAddRolesBtn()[pri:25, instance:smokeTest.ValidateSmokeTest@4b5a5ed1]" name="ValidateMngmntAddRolesBtn" duration-ms="20095" started-at="2018-12-31T13:13:41Z" finished-at="2018-12-31T13:14:01Z">
          <exception class="java.lang.AssertionError">
            <message>
              <![CDATA[User not able to click on the Add new Roles button on the Role's page expected [true] but found [false]]]>
            </message>
            <full-stacktrace>
              <![CDATA[java.lang.AssertionError: User not able to click on the Add new Roles button on the Role's page expected [true] but found [false]at org.testng.Assert.fail(Assert.java:96)at org.testng.Assert.failNotEquals(Assert.java:776)at org.testng.Assert.assertEqualsImpl(Assert.java:137)at org.testng.Assert.assertEquals(Assert.java:118)at org.testng.Assert.assertEquals(Assert.java:568)at smokeTest.ValidateSmokeTest.ValidateMngmntAddRolesBtn(ValidateSmokeTest.java:1453)at sun.reflect.NativeMethodAccessorImpl.invoke0(Native Method)at sun.reflect.NativeMethodAccessorImpl.invoke(Unknown Source)at sun.reflect.DelegatingMethodAccessorImpl.invoke(Unknown Source)at java.lang.reflect.Method.invoke(Unknown Source)at org.testng.internal.MethodInvocationHelper.invokeMethod(MethodInvocationHelper.java:124)at org.testng.internal.Invoker.invokeMethod(Invoker.java:571)at org.testng.internal.Invoker.invokeTestMethod(Invoker.java:707)at org.testng.internal.Invoker.invokeTestMethods(Invoker.java:979)at org.testng.internal.TestMethodWorker.invokeTestMethods(TestMethodWorker.java:125)at org.testng.internal.TestMethodWorker.run(TestMethodWorker.java:109)at org.testng.TestRunner.privateRun(TestRunner.java:648)at org.testng.TestRunner.run(TestRunner.java:505)at org.testng.SuiteRunner.runTest(SuiteRunner.java:455)at org.testng.SuiteRunner.runSequentially(SuiteRunner.java:450)at org.testng.SuiteRunner.privateRun(SuiteRunner.java:415)at org.testng.SuiteRunner.run(SuiteRunner.java:364)at org.testng.SuiteRunnerWorker.runSuite(SuiteRunnerWorker.java:52)at org.testng.SuiteRunnerWorker.run(SuiteRunnerWorker.java:84)at org.testng.TestNG.runSuitesSequentially(TestNG.java:1187)at org.testng.TestNG.runSuitesLocally(TestNG.java:1116)at org.testng.TestNG.runSuites(TestNG.java:1028)at org.testng.TestNG.run(TestNG.java:996)at org.testng.remote.AbstractRemoteTestNG.run(AbstractRemoteTestNG.java:114)at org.testng.remote.RemoteTestNG.initAndRun(RemoteTestNG.java:251)at org.testng.remote.RemoteTestNG.main(RemoteTestNG.java:77)]]>
            </full-stacktrace>
          </exception> <!-- java.lang.AssertionError -->
          <reporter-output>
          </reporter-output>
        </test-method> <!-- ValidateMngmntAddRolesBtn -->
        <test-method status="PASS" signature="ValidateMngmntEditRolesBtn()[pri:26, instance:smokeTest.ValidateSmokeTest@4b5a5ed1]" name="ValidateMngmntEditRolesBtn" duration-ms="80488" started-at="2018-12-31T13:14:01Z" finished-at="2018-12-31T13:15:21Z">
          <reporter-output>
          </reporter-output>
        </test-method> <!-- ValidateMngmntEditRolesBtn -->
      </class> <!-- smokeTest.ValidateSmokeTest -->
    </test> <!-- Default test -->
  </suite> <!-- Default suite -->
</testng-results>
