<?xml version="1.0" encoding="UTF-8"?>
<!-- Generated by org.testng.reporters.JUnitReportReporter -->
<testsuite skipped="6" hostname="DESKTOP-B75F35K" name="smokeTest.ValidateSmokeTest" tests="65" failures="2" timestamp="29 May 2019 16:37:29 GMT" time="92.288" errors="0">
  <testcase name="ValidateLogin" time="67.991" classname="smokeTest.ValidateSmokeTest"/>
  <testcase name="ValidateMarkITPlacePage" time="14.545" classname="smokeTest.ValidateSmokeTest"/>
  <testcase name="ValidateDiscoverPage" time="44.186" classname="smokeTest.ValidateSmokeTest"/>
  <testcase name="ValidateApplicationPage" time="46.347" classname="smokeTest.ValidateSmokeTest"/>
  <testcase name="ValidateInfrastructurePage" time="6.371" classname="smokeTest.ValidateSmokeTest"/>
  <testcase name="ValidateManageTab" time="15.941" classname="smokeTest.ValidateSmokeTest">
    <failure type="java.lang.AssertionError" message="Manage Page is not getting open expected [Service Provisioning - CCP] but found [Manage - CCP]">
      <![CDATA[java.lang.AssertionError: Manage Page is not getting open expected [Service Provisioning - CCP] but found [Manage - CCP]at org.testng.Assert.fail(Assert.java:96)at org.testng.Assert.failNotEquals(Assert.java:776)at org.testng.Assert.assertEqualsImpl(Assert.java:137)at org.testng.Assert.assertEquals(Assert.java:118)at org.testng.Assert.assertEquals(Assert.java:453)at smokeTest.ValidateSmokeTest.ValidateManageTab(ValidateSmokeTest.java:248)at sun.reflect.NativeMethodAccessorImpl.invoke0(Native Method)at sun.reflect.NativeMethodAccessorImpl.invoke(Unknown Source)at sun.reflect.DelegatingMethodAccessorImpl.invoke(Unknown Source)at java.lang.reflect.Method.invoke(Unknown Source)at org.testng.internal.MethodInvocationHelper.invokeMethod(MethodInvocationHelper.java:124)at org.testng.internal.Invoker.invokeMethod(Invoker.java:571)at org.testng.internal.Invoker.invokeTestMethod(Invoker.java:707)at org.testng.internal.Invoker.invokeTestMethods(Invoker.java:979)at org.testng.internal.TestMethodWorker.invokeTestMethods(TestMethodWorker.java:125)at org.testng.internal.TestMethodWorker.run(TestMethodWorker.java:109)at org.testng.TestRunner.privateRun(TestRunner.java:648)at org.testng.TestRunner.run(TestRunner.java:505)at org.testng.SuiteRunner.runTest(SuiteRunner.java:455)at org.testng.SuiteRunner.runSequentially(SuiteRunner.java:450)at org.testng.SuiteRunner.privateRun(SuiteRunner.java:415)at org.testng.SuiteRunner.run(SuiteRunner.java:364)at org.testng.SuiteRunnerWorker.runSuite(SuiteRunnerWorker.java:52)at org.testng.SuiteRunnerWorker.run(SuiteRunnerWorker.java:84)at org.testng.TestNG.runSuitesSequentially(TestNG.java:1187)at org.testng.TestNG.runSuitesLocally(TestNG.java:1116)at org.testng.TestNG.runSuites(TestNG.java:1028)at org.testng.TestNG.run(TestNG.java:996)at org.testng.remote.AbstractRemoteTestNG.run(AbstractRemoteTestNG.java:114)at org.testng.remote.RemoteTestNG.initAndRun(RemoteTestNG.java:251)at org.testng.remote.RemoteTestNG.main(RemoteTestNG.java:77)]]>
    </failure>
  </testcase> <!-- ValidateManageTab -->
  <testcase name="ValidateInsightTab" time="7.995" classname="smokeTest.ValidateSmokeTest">
    <failure type="java.lang.AssertionError" message="Insight Page is not getting open expected [Spend Analysis - CCP] but found [Insights - CCP]">
      <![CDATA[java.lang.AssertionError: Insight Page is not getting open expected [Spend Analysis - CCP] but found [Insights - CCP]at org.testng.Assert.fail(Assert.java:96)at org.testng.Assert.failNotEquals(Assert.java:776)at org.testng.Assert.assertEqualsImpl(Assert.java:137)at org.testng.Assert.assertEquals(Assert.java:118)at org.testng.Assert.assertEquals(Assert.java:453)at smokeTest.ValidateSmokeTest.ValidateInsightTab(ValidateSmokeTest.java:314)at sun.reflect.NativeMethodAccessorImpl.invoke0(Native Method)at sun.reflect.NativeMethodAccessorImpl.invoke(Unknown Source)at sun.reflect.DelegatingMethodAccessorImpl.invoke(Unknown Source)at java.lang.reflect.Method.invoke(Unknown Source)at org.testng.internal.MethodInvocationHelper.invokeMethod(MethodInvocationHelper.java:124)at org.testng.internal.Invoker.invokeMethod(Invoker.java:571)at org.testng.internal.Invoker.invokeTestMethod(Invoker.java:707)at org.testng.internal.Invoker.invokeTestMethods(Invoker.java:979)at org.testng.internal.TestMethodWorker.invokeTestMethods(TestMethodWorker.java:125)at org.testng.internal.TestMethodWorker.run(TestMethodWorker.java:109)at org.testng.TestRunner.privateRun(TestRunner.java:648)at org.testng.TestRunner.run(TestRunner.java:505)at org.testng.SuiteRunner.runTest(SuiteRunner.java:455)at org.testng.SuiteRunner.runSequentially(SuiteRunner.java:450)at org.testng.SuiteRunner.privateRun(SuiteRunner.java:415)at org.testng.SuiteRunner.run(SuiteRunner.java:364)at org.testng.SuiteRunnerWorker.runSuite(SuiteRunnerWorker.java:52)at org.testng.SuiteRunnerWorker.run(SuiteRunnerWorker.java:84)at org.testng.TestNG.runSuitesSequentially(TestNG.java:1187)at org.testng.TestNG.runSuitesLocally(TestNG.java:1116)at org.testng.TestNG.runSuites(TestNG.java:1028)at org.testng.TestNG.run(TestNG.java:996)at org.testng.remote.AbstractRemoteTestNG.run(AbstractRemoteTestNG.java:114)at org.testng.remote.RemoteTestNG.initAndRun(RemoteTestNG.java:251)at org.testng.remote.RemoteTestNG.main(RemoteTestNG.java:77)]]>
    </failure>
  </testcase> <!-- ValidateInsightTab -->
  <testcase name="ValidateFooterNotificationPage" time="42.288" classname="smokeTest.ValidateSmokeTest"/>
  <testcase name="ValidateLogo" time="13.959" classname="smokeTest.ValidateSmokeTest"/>
  <testcase name="ValidateMyProfile" time="-1220.092" classname="smokeTest.ValidateSmokeTest"/>
  <testcase name="ValidateEditProfile" time="52.566" classname="smokeTest.ValidateSmokeTest"/>
  <testcase name="ValidateChangePassword" time="44.510" classname="smokeTest.ValidateSmokeTest"/>
  <testcase name="ValidateCatalogRestriction" time="111.815" classname="smokeTest.ValidateSmokeTest"/>
  <testcase name="ValidateDomainLink" time="36.821" classname="smokeTest.ValidateSmokeTest"/>
  <testcase name="ValidateAddressPage" time="52.982" classname="smokeTest.ValidateSmokeTest"/>
  <testcase name="ValidateUsersPage" time="52.233" classname="smokeTest.ValidateSmokeTest"/>
  <testcase name="ValidateRequestTab" time="2.226" classname="smokeTest.ValidateSmokeTest"/>
  <testcase name="ValidateInviteTab" time="2.197" classname="smokeTest.ValidateSmokeTest"/>
  <testcase name="ValidateSearching" time="10.984" classname="smokeTest.ValidateSmokeTest"/>
  <testcase name="ValidateLogout" time="6.764" classname="smokeTest.ValidateSmokeTest"/>
  <testcase name="ValidateManagementFPswd" time="12.216" classname="smokeTest.ValidateSmokeTest"/>
  <testcase name="ValidateManagementLogin" time="40.810" classname="smokeTest.ValidateSmokeTest"/>
  <testcase name="ValidateMngmntSETUPTab" time="50.443" classname="smokeTest.ValidateSmokeTest"/>
  <testcase name="ValidateUserHover" time="25.167" classname="smokeTest.ValidateSmokeTest"/>
  <testcase name="ValidateAddNewRole" time="37.786" classname="smokeTest.ValidateSmokeTest"/>
  <testcase name="ValidateEditRole" time="3.493" classname="smokeTest.ValidateSmokeTest"/>
  <testcase name="ValidateCreateUser" time="51.823" classname="smokeTest.ValidateSmokeTest"/>
  <testcase name="ValidateAccountsPage" time="70.230" classname="smokeTest.ValidateSmokeTest"/>
  <testcase name="ValidateSelectFields" time="0.402" classname="smokeTest.ValidateSmokeTest"/>
  <testcase name="ValidateExportBtn" time="0.313" classname="smokeTest.ValidateSmokeTest"/>
  <testcase name="ValidateSubscription" time="3.952" classname="smokeTest.ValidateSmokeTest"/>
  <testcase name="ValidateSubsSelectFields" time="0.201" classname="smokeTest.ValidateSmokeTest"/>
  <testcase name="ValidateSubsExport" time="0.244" classname="smokeTest.ValidateSmokeTest"/>
  <testcase name="ValidateEditSubs" time="0.364" classname="smokeTest.ValidateSmokeTest"/>
  <testcase name="ValidateAssumeRole" time="21.562" classname="smokeTest.ValidateSmokeTest"/>
  <testcase name="ValidateFooterSubscription" time="3.999" classname="smokeTest.ValidateSmokeTest"/>
  <testcase name="ValidateFooterAccount" time="5.585" classname="smokeTest.ValidateSmokeTest"/>
  <testcase name="ValidateEditAccount" time="38.814" classname="smokeTest.ValidateSmokeTest"/>
  <testcase name="ValidateEditSave" time="12.442" classname="smokeTest.ValidateSmokeTest"/>
  <testcase name="ValidateFooterLogo" time="2.088" classname="smokeTest.ValidateSmokeTest"/>
  <testcase name="ValidateCategories" time="11.632" classname="smokeTest.ValidateSmokeTest"/>
  <testcase name="ValidateSyncCategories" time="0.811" classname="smokeTest.ValidateSmokeTest"/>
  <testcase name="ValidateCategoryExport" time="10.409" classname="smokeTest.ValidateSmokeTest"/>
  <testcase name="ValidateSelectFieldCateg" time="0.198" classname="smokeTest.ValidateSmokeTest"/>
  <testcase name="ValidateEditCategory" time="10.679" classname="smokeTest.ValidateSmokeTest"/>
  <testcase name="ValidateDomainsPage" time="21.431" classname="smokeTest.ValidateSmokeTest"/>
  <testcase name="ValidateDomainExport" time="0.200" classname="smokeTest.ValidateSmokeTest"/>
  <testcase name="ValidateRequestPage" time="8.968" classname="smokeTest.ValidateSmokeTest"/>
  <testcase name="ValidateRequestExport" time="0.169" classname="smokeTest.ValidateSmokeTest"/>
  <testcase name="ValidateNotifications" time="18.291" classname="smokeTest.ValidateSmokeTest"/>
  <testcase name="NotificationExport" time="5.300" classname="smokeTest.ValidateSmokeTest"/>
  <testcase name="ValidateSendNotifications" time="66.982" classname="smokeTest.ValidateSmokeTest"/>
  <testcase name="ValidateProviderPage" time="2.495" classname="smokeTest.ValidateSmokeTest"/>
  <testcase name="ValidateProviderExport" time="5.254" classname="smokeTest.ValidateSmokeTest"/>
  <testcase name="ValidateEditProvider" time="64.337" classname="smokeTest.ValidateSmokeTest"/>
  <testcase name="ValidateAddProvider" time="2.958" classname="smokeTest.ValidateSmokeTest"/>
  <testcase name="ValidateServicesPage" time="2.245" classname="smokeTest.ValidateSmokeTest"/>
  <testcase name="ValidateServiceExport" time="5.255" classname="smokeTest.ValidateSmokeTest"/>
  <testcase name="ValidateEditService" time="60.111" classname="smokeTest.ValidateSmokeTest"/>
  <testcase name="ValidateAccountSettings" classname="smokeTest.ValidateSmokeTest">
    <skipped/>
  </testcase> <!-- ValidateAccountSettings -->
  <testcase name="ValidateSetNotifications" classname="smokeTest.ValidateSmokeTest">
    <skipped/>
  </testcase> <!-- ValidateSetNotifications -->
  <testcase name="ValidateLoginUser" classname="smokeTest.ValidateSmokeTest">
    <skipped/>
  </testcase> <!-- ValidateLoginUser -->
  <testcase name="ValidateRegPage" classname="smokeTest.ValidateSmokeTest">
    <skipped/>
  </testcase> <!-- ValidateRegPage -->
  <testcase name="ValidateForgetPswd" classname="smokeTest.ValidateSmokeTest">
    <skipped/>
  </testcase> <!-- ValidateForgetPswd -->
  <testcase name="ValidateMyAccountList" classname="smokeTest.ValidateSmokeTest">
    <skipped/>
  </testcase> <!-- ValidateMyAccountList -->
</testsuite> <!-- smokeTest.ValidateSmokeTest -->
